[debug] [2023-01-13T15:52:24.816Z] ----------------------------------------------------------------------
[debug] [2023-01-13T15:52:24.818Z] Command:       C:\Program Files\nodejs\node.exe C:\Users\max\AppData\Roaming\npm\node_modules\firebase-tools\lib\bin\firebase.js init
[debug] [2023-01-13T15:52:24.819Z] CLI Version:   11.20.0
[debug] [2023-01-13T15:52:24.819Z] Platform:      win32
[debug] [2023-01-13T15:52:24.819Z] Node Version:  v18.13.0
[debug] [2023-01-13T15:52:24.820Z] Time:          Fri Jan 13 2023 17:52:24 GMT+0200 (за східноєвропейським стандартним часом)
[debug] [2023-01-13T15:52:24.820Z] ----------------------------------------------------------------------
[debug] 
[debug] [2023-01-13T15:52:24.829Z] > command requires scopes: ["email","openid","https://www.googleapis.com/auth/cloudplatformprojects.readonly","https://www.googleapis.com/auth/firebase","https://www.googleapis.com/auth/cloud-platform"]
[debug] [2023-01-13T15:52:24.830Z] > authorizing via signed-in user (maxinger16@gmail.com)
[info] 
     ######## #### ########  ######## ########     ###     ######  ########
     ##        ##  ##     ## ##       ##     ##  ##   ##  ##       ##
     ######    ##  ########  ######   ########  #########  ######  ######
     ##        ##  ##    ##  ##       ##     ## ##     ##       ## ##
     ##       #### ##     ## ######## ########  ##     ##  ######  ########

You're about to initialize a Firebase project in this directory:

  F:\Study\infographics\lab7\dashboard2

[info] 
=== Project Setup
[info] 
[info] First, let's associate this project directory with a Firebase project.
[info] You can create multiple project aliases by running firebase use --add, 
[info] but for now we'll just set up a default project.
[info] 
[debug] [2023-01-13T15:52:33.377Z] >>> [apiv2][query] GET https://firebase.googleapis.com/v1beta1/projects pageSize=100
[debug] [2023-01-13T15:52:34.354Z] <<< [apiv2][status] GET https://firebase.googleapis.com/v1beta1/projects 200
[debug] [2023-01-13T15:52:34.354Z] <<< [apiv2][body] GET https://firebase.googleapis.com/v1beta1/projects [omitted]
[info] i  Using project lab7-e239d (lab7) 
[info] 
=== Hosting Setup
[info] 
[info] Your public directory is the folder (relative to your project directory) that
[info] will contain Hosting assets to be uploaded with firebase deploy. If you
[info] have a build process for your assets, use your build's output directory.
[info] 
